

Microchip Technology PIC18 LITE Macro Assembler V1.37 build -260352376 
                                                                                               Sun Apr 17 19:52:51 2016

Microchip Technology Omniscient Code Generator v1.37 (Free mode) build 201603110536
     1                           	processor	18F14K22
     2                           	fnconf	rparam,??,?,0
     3                           	opt	pw 120
     4                           	opt	lm
     5                           	psect	nvCOMRAM,global,class=COMRAM,space=1,delta=1
     6                           	psect	cinit,global,reloc=2,class=CODE,delta=1
     7                           	psect	bssCOMRAM,global,class=COMRAM,space=1,delta=1
     8                           	psect	cstackCOMRAM,global,class=COMRAM,space=1,delta=1
     9                           	psect	text0,global,reloc=2,class=CODE,delta=1
    10                           	psect	intcode,global,reloc=2,class=CODE,delta=1
    11                           	psect	intsave_regs,global,class=BIGRAM,space=1,delta=1
    12                           	psect	rparam,global,class=COMRAM,space=1,delta=1
    13                           	psect	temp,global,ovrld,common,class=COMRAM,space=1,delta=1
    14  0000                     
    15                           	psect	nvCOMRAM
    16  00000F                     __pnvCOMRAM:
    17                           	opt stack 0
    18  00000F                     __direction:
    19                           	opt stack 0
    20  00000F                     	ds	1
    21  0000                     _ANSELbits	set	3966
    22  0000                     _INTCONbits	set	4082
    23  0000                     _IOCAbits	set	3961
    24  0000                     _LATC	set	3979
    25  0000                     _LATCbits	set	3979
    26  0000                     _OSCCON	set	4051
    27  0000                     _PORTAbits	set	3968
    28  0000                     _RCONbits	set	4048
    29  0000                     _STATUSbits	set	4056
    30  0000                     _T0CON	set	4053
    31  0000                     _TRISAbits	set	3986
    32  0000                     _TRISC	set	3988
    33  0000                     _WPUA2	set	31674
    34  0000                     _nRABPU	set	32655
    35                           
    36                           ; #config settings
    37  0000                     
    38                           	psect	cinit
    39  0000F2                     __pcinit:
    40                           	opt stack 0
    41  0000F2                     start_initialization:
    42                           	opt stack 0
    43  0000F2                     __initialization:
    44                           	opt stack 0
    45                           
    46                           ; Clear objects allocated to COMRAM (1 bytes)
    47  0000F2  6A10               	clrf	__pbssCOMRAM& (0+255),c
    48  0000F4                     end_of_initialization:
    49                           	opt stack 0
    50  0000F4                     __end_of__initialization:
    51                           	opt stack 0
    52  0000F4  9011               	bcf	int$flags,0,c	;clear compiler interrupt flag (level 1)
    53  0000F6  9211               	bcf	int$flags,1,c	;clear compiler interrupt flag (level 2)
    54  0000F8  0100               	movlb	0
    55  0000FA  EF65  F000         	goto	_main	;jump to C main() function
    56                           
    57                           	psect	bssCOMRAM
    58  000010                     __pbssCOMRAM:
    59                           	opt stack 0
    60  000010                     __prev_switch:
    61                           	opt stack 0
    62  000010                     	ds	1
    63                           
    64                           	psect	cstackCOMRAM
    65  000001                     __pcstackCOMRAM:
    66                           	opt stack 0
    67  000001                     ??_ISR:
    68                           
    69                           ; 1 bytes @ 0x0
    70  000001                     	ds	14
    71  00000F                     
    72                           ; 1 bytes @ 0xE
    73 ;;
    74 ;;Main: autosize = 0, tempsize = 0, incstack = 0, save=0
    75 ;;
    76 ;; *************** function _main *****************
    77 ;; Defined at:
    78 ;;		line 63 in file "../interrupt.c"
    79 ;; Parameters:    Size  Location     Type
    80 ;;		None
    81 ;; Auto vars:     Size  Location     Type
    82 ;;		None
    83 ;; Return value:  Size  Location     Type
    84 ;;                  1    wreg      void 
    85 ;; Registers used:
    86 ;;		wreg, status,2
    87 ;; Tracked objects:
    88 ;;		On entry : 0/0
    89 ;;		On exit  : 0/0
    90 ;;		Unchanged: 0/0
    91 ;; Data sizes:     COMRAM   BANK0   BANK1
    92 ;;      Params:         0       0       0
    93 ;;      Locals:         0       0       0
    94 ;;      Temps:          0       0       0
    95 ;;      Totals:         0       0       0
    96 ;;Total ram usage:        0 bytes
    97 ;; Hardware stack levels required when called:    1
    98 ;; This function calls:
    99 ;;		Nothing
   100 ;; This function is called by:
   101 ;;		Startup code after reset
   102 ;; This function uses a non-reentrant model
   103 ;;
   104                           
   105                           	psect	text0
   106  0000CA                     __ptext0:
   107                           	opt stack 0
   108  0000CA                     _main:
   109                           	opt stack 30
   110                           
   111                           ;interrupt.c: 64: OSCCON = 0b00100010;
   112                           
   113                           ;incstack = 0
   114  0000CA  0E22               	movlw	34
   115  0000CC  6ED3               	movwf	4051,c	;volatile
   116                           
   117                           ;interrupt.c: 65: TRISC = 0;
   118  0000CE  0E00               	movlw	0
   119  0000D0  6E94               	movwf	3988,c	;volatile
   120                           
   121                           ;interrupt.c: 67: TRISAbits.TRISA2 = 1;
   122  0000D2  8492               	bsf	3986,2,c	;volatile
   123                           
   124                           ;interrupt.c: 68: ANSELbits.ANS2 = 0;
   125  0000D4  947E               	bcf	3966,2,c	;volatile
   126                           
   127                           ;interrupt.c: 70: _direction = 1;
   128  0000D6  0E01               	movlw	1
   129  0000D8  6E0F               	movwf	__direction,c
   130                           
   131                           ;interrupt.c: 71: LATC = 0b00001000;
   132  0000DA  0E08               	movlw	8
   133  0000DC  6E8B               	movwf	3979,c	;volatile
   134                           
   135                           ;interrupt.c: 75: WPUA2 = 1;
   136  0000DE  8477               	bsf	3959,2,c	;volatile
   137                           
   138                           ;interrupt.c: 76: nRABPU = 0;
   139  0000E0  9EF1               	bcf	intcon2,7,c	;volatile
   140                           
   141                           ;interrupt.c: 81: T0CON = 0b11000111;
   142  0000E2  0EC7               	movlw	199
   143  0000E4  6ED5               	movwf	4053,c	;volatile
   144                           
   145                           ;interrupt.c: 82: INTCONbits.TMR0IE = 1;
   146  0000E6  8AF2               	bsf	intcon,5,c	;volatile
   147                           
   148                           ;interrupt.c: 85: INTCONbits.RABIE = 1;
   149  0000E8  86F2               	bsf	intcon,3,c	;volatile
   150                           
   151                           ;interrupt.c: 86: IOCAbits.IOCA2 = 1;
   152  0000EA  8479               	bsf	3961,2,c	;volatile
   153                           
   154                           ;interrupt.c: 88: RCONbits.IPEN = 0;
   155  0000EC  9ED0               	bcf	4048,7,c	;volatile
   156                           
   157                           ;interrupt.c: 89: INTCONbits.GIE = 1;
   158  0000EE  8EF2               	bsf	intcon,7,c	;volatile
   159  0000F0                     l37:
   160                           
   161                           ;interrupt.c: 93: continue;
   162  0000F0  D7FF               	goto	l37
   163  0000F2                     __end_of_main:
   164                           	opt stack 0
   165                           intcon	equ	0xFF2
   166                           intcon2	equ	0xFF1
   167                           
   168 ;; *************** function _ISR *****************
   169 ;; Defined at:
   170 ;;		line 97 in file "../interrupt.c"
   171 ;; Parameters:    Size  Location     Type
   172 ;;		None
   173 ;; Auto vars:     Size  Location     Type
   174 ;;		None
   175 ;; Return value:  Size  Location     Type
   176 ;;                  1    wreg      void 
   177 ;; Registers used:
   178 ;;		wreg, status,2, status,0
   179 ;; Tracked objects:
   180 ;;		On entry : 0/0
   181 ;;		On exit  : 0/0
   182 ;;		Unchanged: 0/0
   183 ;; Data sizes:     COMRAM   BANK0   BANK1
   184 ;;      Params:         0       0       0
   185 ;;      Locals:         0       0       0
   186 ;;      Temps:         14       0       0
   187 ;;      Totals:        14       0       0
   188 ;;Total ram usage:       14 bytes
   189 ;; Hardware stack levels used:    1
   190 ;; This function calls:
   191 ;;		Nothing
   192 ;; This function is called by:
   193 ;;		Interrupt level 2
   194 ;; This function uses a non-reentrant model
   195 ;;
   196                           
   197                           	psect	intcode
   198  000008                     __pintcode:
   199                           	opt stack 0
   200  000008                     _ISR:
   201                           	opt stack 30
   202                           
   203                           ;incstack = 0
   204  000008  8211               	bsf	btemp,1,c	;set compiler interrupt flag (level 2)
   205  00000A  CFFA F001          	movff	pclath,??_ISR
   206  00000E  CFFB F002          	movff	pclatu,??_ISR+1
   207  000012  CFE9 F003          	movff	fsr0l,??_ISR+2
   208  000016  CFEA F004          	movff	fsr0h,??_ISR+3
   209  00001A  CFE1 F005          	movff	fsr1l,??_ISR+4
   210  00001E  CFE2 F006          	movff	fsr1h,??_ISR+5
   211  000022  CFD9 F007          	movff	fsr2l,??_ISR+6
   212  000026  CFDA F008          	movff	fsr2h,??_ISR+7
   213  00002A  CFF3 F009          	movff	prodl,??_ISR+8
   214  00002E  CFF4 F00A          	movff	prodh,??_ISR+9
   215  000032  CFF6 F00B          	movff	tblptrl,??_ISR+10
   216  000036  CFF7 F00C          	movff	tblptrh,??_ISR+11
   217  00003A  CFF8 F00D          	movff	tblptru,??_ISR+12
   218  00003E  CFF5 F00E          	movff	tablat,??_ISR+13
   219                           
   220                           ;interrupt.c: 99: if (INTCONbits.RABIF) {
   221  000042  A0F2               	btfss	intcon,0,c	;volatile
   222  000044  D012               	goto	i2l688
   223                           
   224                           ;interrupt.c: 100: INTCONbits.RABIF = 0;
   225  000046  90F2               	bcf	intcon,0,c	;volatile
   226                           
   227                           ;interrupt.c: 101: _delay((unsigned long)((5)*(500000/4000.0)));
   228  000048  0ED0               	movlw	208
   229  00004A                     i2u9_47:
   230  00004A  2EE8               	decfsz	wreg,f,c
   231  00004C  D7FE               	goto	i2u9_47
   232  00004E  F000               	nop	
   233                           
   234                           ;interrupt.c: 102: if (PORTAbits.RA2 == 0 && _prev_switch == 1) {
   235  000050  B480               	btfsc	3968,2,c	;volatile
   236  000052  D005               	goto	i2l682
   237  000054  0410               	decf	__prev_switch,w,c
   238  000056  A4D8               	btfss	status,2,c
   239  000058  D002               	goto	i2l682
   240                           
   241                           ;interrupt.c: 103: _direction ^= 1;
   242  00005A  0E01               	movlw	1
   243  00005C  1A0F               	xorwf	__direction,f,c
   244  00005E                     i2l682:
   245                           
   246                           ;interrupt.c: 104: }
   247                           ;interrupt.c: 105: if (PORTAbits.RA2 == 0) {
   248  00005E  B480               	btfsc	3968,2,c	;volatile
   249  000060  D002               	goto	i2l686
   250                           
   251                           ;interrupt.c: 106: _prev_switch = 0;
   252  000062  0E00               	movlw	0
   253  000064  D001               	goto	L1
   254  000066                     i2l686:
   255                           
   256                           ;interrupt.c: 108: _prev_switch = 1;
   257  000066  0E01               	movlw	1
   258  000068                     L1:
   259  000068  6E10               	movwf	__prev_switch,c
   260  00006A                     i2l688:
   261                           
   262                           ;interrupt.c: 109: }
   263                           ;interrupt.c: 111: if (INTCONbits.T0IF) {
   264  00006A  A4F2               	btfss	intcon,2,c	;volatile
   265  00006C  D00E               	goto	i2l52
   266                           
   267                           ;interrupt.c: 112: INTCONbits.T0IF = 0;
   268  00006E  94F2               	bcf	intcon,2,c	;volatile
   269                           
   270                           ;interrupt.c: 113: if (_direction == 1) {
   271  000070  040F               	decf	__direction,w,c
   272  000072  A4D8               	btfss	status,2,c
   273  000074  D006               	goto	i2l700
   274                           
   275                           ;interrupt.c: 114: LATC >> = 1;
   276  000076  90D8               	bcf	status,0,c
   277  000078  328B               	rrcf	3979,f,c
   278                           
   279                           ;interrupt.c: 115: if (STATUSbits.C == 1)
   280                           
   281                           ;volatile
   282  00007A  A0D8               	btfss	status,0,c	;volatile
   283  00007C  D006               	goto	i2l52
   284                           
   285                           ;interrupt.c: 116: LATCbits.LATC3 = 1;
   286  00007E  868B               	bsf	3979,3,c	;volatile
   287                           
   288                           ;interrupt.c: 117: } else {
   289  000080  D004               	goto	i2l52
   290  000082                     i2l700:
   291                           
   292                           ;interrupt.c: 118: LATC << = 1;
   293  000082  90D8               	bcf	status,0,c
   294  000084  368B               	rlcf	3979,f,c
   295                           
   296                           ;interrupt.c: 119: if (LATCbits.LATC4 == 1)
   297                           
   298                           ;volatile
   299  000086  B88B               	btfsc	3979,4,c	;volatile
   300                           
   301                           ;interrupt.c: 120: LATCbits.LATC0 = 1;
   302  000088  808B               	bsf	3979,0,c	;volatile
   303  00008A                     i2l52:
   304  00008A  C00E  FFF5         	movff	??_ISR+13,tablat
   305  00008E  C00D  FFF8         	movff	??_ISR+12,tblptru
   306  000092  C00C  FFF7         	movff	??_ISR+11,tblptrh
   307  000096  C00B  FFF6         	movff	??_ISR+10,tblptrl
   308  00009A  C00A  FFF4         	movff	??_ISR+9,prodh
   309  00009E  C009  FFF3         	movff	??_ISR+8,prodl
   310  0000A2  C008  FFDA         	movff	??_ISR+7,fsr2h
   311  0000A6  C007  FFD9         	movff	??_ISR+6,fsr2l
   312  0000AA  C006  FFE2         	movff	??_ISR+5,fsr1h
   313  0000AE  C005  FFE1         	movff	??_ISR+4,fsr1l
   314  0000B2  C004  FFEA         	movff	??_ISR+3,fsr0h
   315  0000B6  C003  FFE9         	movff	??_ISR+2,fsr0l
   316  0000BA  C002  FFFB         	movff	??_ISR+1,pclatu
   317  0000BE  C001  FFFA         	movff	??_ISR,pclath
   318  0000C2  9211               	bcf	btemp,1,c	;clear compiler interrupt flag (level 2)
   319  0000C4  0011               	retfie		f
   320  0000C6                     __end_of_ISR:
   321                           	opt stack 0
   322  0000                     pclatu	equ	0xFFB
   323                           pclath	equ	0xFFA
   324                           tblptru	equ	0xFF8
   325                           tblptrh	equ	0xFF7
   326                           tblptrl	equ	0xFF6
   327                           tablat	equ	0xFF5
   328                           prodh	equ	0xFF4
   329                           prodl	equ	0xFF3
   330                           intcon	equ	0xFF2
   331                           intcon2	equ	0xFF1
   332                           fsr0h	equ	0xFEA
   333                           fsr0l	equ	0xFE9
   334                           wreg	equ	0xFE8
   335                           fsr1h	equ	0xFE2
   336                           fsr1l	equ	0xFE1
   337                           fsr2h	equ	0xFDA
   338                           fsr2l	equ	0xFD9
   339                           status	equ	0xFD8
   340                           pclatu	equ	0xFFB
   341                           pclath	equ	0xFFA
   342                           tblptru	equ	0xFF8
   343                           tblptrh	equ	0xFF7
   344                           tblptrl	equ	0xFF6
   345                           tablat	equ	0xFF5
   346                           prodh	equ	0xFF4
   347                           prodl	equ	0xFF3
   348                           intcon	equ	0xFF2
   349                           intcon2	equ	0xFF1
   350                           fsr0h	equ	0xFEA
   351                           fsr0l	equ	0xFE9
   352                           wreg	equ	0xFE8
   353                           fsr1h	equ	0xFE2
   354                           fsr1l	equ	0xFE1
   355                           fsr2h	equ	0xFDA
   356                           fsr2l	equ	0xFD9
   357                           status	equ	0xFD8
   358                           
   359                           	psect	rparam
   360  0000                     pclatu	equ	0xFFB
   361                           pclath	equ	0xFFA
   362                           tblptru	equ	0xFF8
   363                           tblptrh	equ	0xFF7
   364                           tblptrl	equ	0xFF6
   365                           tablat	equ	0xFF5
   366                           prodh	equ	0xFF4
   367                           prodl	equ	0xFF3
   368                           intcon	equ	0xFF2
   369                           intcon2	equ	0xFF1
   370                           fsr0h	equ	0xFEA
   371                           fsr0l	equ	0xFE9
   372                           wreg	equ	0xFE8
   373                           fsr1h	equ	0xFE2
   374                           fsr1l	equ	0xFE1
   375                           fsr2h	equ	0xFDA
   376                           fsr2l	equ	0xFD9
   377                           status	equ	0xFD8
   378                           
   379                           	psect	temp
   380  000011                     btemp:
   381                           	opt stack 0
   382  000011                     	ds	1
   383  0000                     int$flags	set	btemp
   384                           pclatu	equ	0xFFB
   385                           pclath	equ	0xFFA
   386                           tblptru	equ	0xFF8
   387                           tblptrh	equ	0xFF7
   388                           tblptrl	equ	0xFF6
   389                           tablat	equ	0xFF5
   390                           prodh	equ	0xFF4
   391                           prodl	equ	0xFF3
   392                           intcon	equ	0xFF2
   393                           intcon2	equ	0xFF1
   394                           fsr0h	equ	0xFEA
   395                           fsr0l	equ	0xFE9
   396                           wreg	equ	0xFE8
   397                           fsr1h	equ	0xFE2
   398                           fsr1l	equ	0xFE1
   399                           fsr2h	equ	0xFDA
   400                           fsr2l	equ	0xFD9
   401                           status	equ	0xFD8


Data Sizes:
    Strings     0
    Constant    0
    Data        0
    BSS         1
    Persistent  1
    Stack       0

Auto Spaces:
    Space          Size  Autos    Used
    COMRAM           94     14      16
    BANK0           160      0       0
    BANK1           256      0       0

Pointer List with Targets:

    None.

Critical Paths under _main in COMRAM

    None.

Critical Paths under _ISR in COMRAM

    None.

Critical Paths under _main in BANK0

    None.

Critical Paths under _ISR in BANK0

    None.

Critical Paths under _main in BANK1

    None.

Critical Paths under _ISR in BANK1

    None.

Call Graph Tables:

 ---------------------------------------------------------------------------------
 (Depth) Function   	        Calls       Base Space   Used Autos Params    Refs
 ---------------------------------------------------------------------------------
 (0) _main                                                 0     0      0       0
 ---------------------------------------------------------------------------------
 Estimated maximum stack depth 0
 ---------------------------------------------------------------------------------
 (Depth) Function   	        Calls       Base Space   Used Autos Params    Refs
 ---------------------------------------------------------------------------------
 (1) _ISR                                                 14    14      0       0
                                              0 COMRAM    14    14      0
 ---------------------------------------------------------------------------------
 Estimated maximum stack depth 1
 ---------------------------------------------------------------------------------

 Call Graph Graphs:

 _main (ROOT)

 _ISR (ROOT)

 Address spaces:
Name               Size   Autos  Total    Cost      Usage
BIGRAM             1FF      0       0       8        0.0%
EEDATA             100      0       0       0        0.0%
BITBANK1           100      0       0       5        0.0%
BANK1              100      0       0       6        0.0%
BITBANK0            A0      0       0       3        0.0%
BANK0               A0      0       0       4        0.0%
BITCOMRAM           5E      0       0       0        0.0%
COMRAM              5E      E      10       1       17.0%
BITSFR               0      0       0      40        0.0%
SFR                  0      0       0      40        0.0%
STACK                0      0       0       2        0.0%
NULL                 0      0       0       0        0.0%
ABS                  0      0      10       7        0.0%
DATA                 0      0      10       9        0.0%
CODE                 0      0       0       0        0.0%


Microchip Technology PIC18 Macro Assembler V1.37 build -260352376 
Symbol Table                                                                                   Sun Apr 17 19:52:51 2016

                     l37 00F0             __CFG_CP0$OFF 000000             __CFG_CP1$OFF 000000  
           __CFG_CPB$OFF 000000             __CFG_CPD$OFF 000000                      _ISR 0008  
                    wreg 000FE8             __CFG_LVP$OFF 000000                     ?_ISR 0001  
                   _LATC 000F8B            __CFG_DEBUG$ON 000000                     i2l52 008A  
                   _main 00CA                     fsr0h 000FEA                     fsr1h 000FE2  
                   fsr0l 000FE9                     fsr2h 000FDA                     fsr1l 000FE1  
                   fsr2l 000FD9                     btemp 0011                     pclat 000FFA  
                   prodh 000FF4                     prodl 000FF3                     start 00C6  
          __CFG_FOSC$IRC 000000             ___param_bank 000010                    ??_ISR 0001  
                  ?_main 0001                    _T0CON 000FD5                    i2l700 0082  
                  i2l682 005E                    i2l686 0066                    i2l688 006A  
                  _TRISC 000F94                    _WPUA2 007BBA            __CFG_WRT0$OFF 000000  
          __CFG_WRT1$OFF 000000           __CFG_EBTR0$OFF 000000           __CFG_FCMEN$OFF 000000  
         __CFG_EBTR1$OFF 000000            __CFG_WRTB$OFF 000000            __CFG_WRTC$OFF 000000  
          __CFG_WRTD$OFF 000000           __CFG_EBTRB$OFF 000000           __CFG_BOREN$OFF 000000  
                  tablat 000FF5                    status 000FD8           __CFG_MCLRE$OFF 000000  
        __initialization 00F2             __end_of_main 00F2                   ??_main 000F  
          __activetblptr 000000           __CFG_PLLEN$OFF 000000           __CFG_WDTEN$OFF 000000  
                 _OSCCON 000FD3                   i2u9_47 004A                   _nRABPU 007F8F  
         __CFG_STVREN$ON 000000                   tblptrh 000FF7                   tblptrl 000FF6  
                 tblptru 000FF8          __CFG_HFOFST$OFF 000000               __accesstop 0060  
__end_of__initialization 00F4            ___rparam_used 000001           __pcstackCOMRAM 0001  
             __direction 000F               __pnvCOMRAM 000F          __CFG_PWRTEN$OFF 000000  
                __Hparam 0000                  __Lparam 0000             __prev_switch 0010  
                __pcinit 00F2                _ANSELbits 000F7E                  __ramtop 0200  
                __ptext0 00CA             __size_of_ISR 00BE     end_of_initialization 00F4  
              _PORTAbits 000F80                _TRISAbits 000F92      start_initialization 00F2  
            __end_of_ISR 00C6              __pbssCOMRAM 0010                __pintcode 0008  
               _IOCAbits 000F79                 _LATCbits 000F8B                 _RCONbits 000FD0  
               __Hrparam 0000                 __Lrparam 0000            __size_of_main 0028  
               int$flags 0011               _INTCONbits 000FF2                 intlevel2 0000  
             _STATUSbits 000FD8  
