

Microchip Technology PIC18 LITE Macro Assembler V1.37 build -260352376 
                                                                                               Sun Apr 17 21:44:13 2016

Microchip Technology Omniscient Code Generator v1.37 (Free mode) build 201603110536
     1                           	processor	18F14K22
     2                           	fnconf	rparam,??,?,0
     3                           	opt	pw 120
     4                           	opt	lm
     5                           	psect	cinit,global,reloc=2,class=CODE,delta=1
     6                           	psect	bssCOMRAM,global,class=COMRAM,space=1,delta=1
     7                           	psect	cstackCOMRAM,global,class=COMRAM,space=1,delta=1
     8                           	psect	text0,global,reloc=2,class=CODE,delta=1
     9                           	psect	intcode,global,reloc=2,class=CODE,delta=1
    10                           	psect	intsave_regs,global,class=BIGRAM,space=1,delta=1
    11                           	psect	rparam,global,class=COMRAM,space=1,delta=1
    12                           	psect	temp,global,ovrld,common,class=COMRAM,space=1,delta=1
    13  0000                     _ANSELbits	set	3966
    14  0000                     _INTCONbits	set	4082
    15  0000                     _IOCAbits	set	3961
    16  0000                     _LATC	set	3979
    17  0000                     _OSCCON	set	4051
    18  0000                     _PORTAbits	set	3968
    19  0000                     _RCONbits	set	4048
    20  0000                     _TRISAbits	set	3986
    21  0000                     _TRISC	set	3988
    22  0000                     _WPUA0	set	31672
    23  0000                     _WPUA2	set	31674
    24  0000                     _nRABPU	set	32655
    25                           
    26                           ; #config settings
    27  0000                     
    28                           	psect	cinit
    29  0000C2                     __pcinit:
    30                           	opt stack 0
    31  0000C2                     start_initialization:
    32                           	opt stack 0
    33  0000C2                     __initialization:
    34                           	opt stack 0
    35                           
    36                           ; Clear objects allocated to COMRAM (1 bytes)
    37  0000C2  6A0F               	clrf	__pbssCOMRAM& (0+255),c
    38  0000C4                     end_of_initialization:
    39                           	opt stack 0
    40  0000C4                     __end_of__initialization:
    41                           	opt stack 0
    42  0000C4  9010               	bcf	int$flags,0,c	;clear compiler interrupt flag (level 1)
    43  0000C6  9210               	bcf	int$flags,1,c	;clear compiler interrupt flag (level 2)
    44  0000C8  0100               	movlb	0
    45  0000CA  EF4F  F000         	goto	_main	;jump to C main() function
    46                           
    47                           	psect	bssCOMRAM
    48  00000F                     __pbssCOMRAM:
    49                           	opt stack 0
    50  00000F                     __prev_switch:
    51                           	opt stack 0
    52  00000F                     	ds	1
    53                           
    54                           	psect	cstackCOMRAM
    55  000001                     __pcstackCOMRAM:
    56                           	opt stack 0
    57  000001                     ??_ISR:
    58                           
    59                           ; 1 bytes @ 0x0
    60  000001                     	ds	14
    61  00000F                     
    62                           ; 1 bytes @ 0xE
    63 ;;
    64 ;;Main: autosize = 0, tempsize = 0, incstack = 0, save=0
    65 ;;
    66 ;; *************** function _main *****************
    67 ;; Defined at:
    68 ;;		line 62 in file "../interrupt.c"
    69 ;; Parameters:    Size  Location     Type
    70 ;;		None
    71 ;; Auto vars:     Size  Location     Type
    72 ;;		None
    73 ;; Return value:  Size  Location     Type
    74 ;;                  1    wreg      void 
    75 ;; Registers used:
    76 ;;		wreg, status,2
    77 ;; Tracked objects:
    78 ;;		On entry : 0/0
    79 ;;		On exit  : 0/0
    80 ;;		Unchanged: 0/0
    81 ;; Data sizes:     COMRAM   BANK0   BANK1
    82 ;;      Params:         0       0       0
    83 ;;      Locals:         0       0       0
    84 ;;      Temps:          0       0       0
    85 ;;      Totals:         0       0       0
    86 ;;Total ram usage:        0 bytes
    87 ;; Hardware stack levels required when called:    1
    88 ;; This function calls:
    89 ;;		Nothing
    90 ;; This function is called by:
    91 ;;		Startup code after reset
    92 ;; This function uses a non-reentrant model
    93 ;;
    94                           
    95                           	psect	text0
    96  00009E                     __ptext0:
    97                           	opt stack 0
    98  00009E                     _main:
    99                           	opt stack 30
   100                           
   101                           ;interrupt.c: 63: OSCCON = 0b00100010;
   102                           
   103                           ;incstack = 0
   104  00009E  0E22               	movlw	34
   105  0000A0  6ED3               	movwf	4051,c	;volatile
   106                           
   107                           ;interrupt.c: 64: TRISC = 0;
   108  0000A2  0E00               	movlw	0
   109  0000A4  6E94               	movwf	3988,c	;volatile
   110                           
   111                           ;interrupt.c: 66: TRISAbits.TRISA2 = 1;
   112  0000A6  8492               	bsf	3986,2,c	;volatile
   113                           
   114                           ;interrupt.c: 67: ANSELbits.ANS2 = 0;
   115  0000A8  947E               	bcf	3966,2,c	;volatile
   116                           
   117                           ;interrupt.c: 69: TRISAbits.TRISA0 = 1;
   118  0000AA  8092               	bsf	3986,0,c	;volatile
   119                           
   120                           ;interrupt.c: 70: ANSELbits.ANS0 = 0;
   121  0000AC  907E               	bcf	3966,0,c	;volatile
   122                           
   123                           ;interrupt.c: 72: LATC = 0b00000011;
   124  0000AE  0E03               	movlw	3
   125  0000B0  6E8B               	movwf	3979,c	;volatile
   126                           
   127                           ;interrupt.c: 76: WPUA2 = 1;
   128  0000B2  8477               	bsf	3959,2,c	;volatile
   129                           
   130                           ;interrupt.c: 77: WPUA0 = 1;
   131  0000B4  8077               	bsf	3959,0,c	;volatile
   132                           
   133                           ;interrupt.c: 79: nRABPU = 0;
   134  0000B6  9EF1               	bcf	intcon2,7,c	;volatile
   135                           
   136                           ;interrupt.c: 84: INTCONbits.RABIE = 1;
   137  0000B8  86F2               	bsf	intcon,3,c	;volatile
   138                           
   139                           ;interrupt.c: 85: IOCAbits.IOCA2 = 1;
   140  0000BA  8479               	bsf	3961,2,c	;volatile
   141                           
   142                           ;interrupt.c: 87: RCONbits.IPEN = 0;
   143  0000BC  9ED0               	bcf	4048,7,c	;volatile
   144                           
   145                           ;interrupt.c: 88: INTCONbits.GIE = 1;
   146  0000BE  8EF2               	bsf	intcon,7,c	;volatile
   147  0000C0                     l31:
   148                           
   149                           ;interrupt.c: 92: continue;
   150  0000C0  D7FF               	goto	l31
   151  0000C2                     __end_of_main:
   152                           	opt stack 0
   153                           intcon	equ	0xFF2
   154                           intcon2	equ	0xFF1
   155                           
   156 ;; *************** function _ISR *****************
   157 ;; Defined at:
   158 ;;		line 96 in file "../interrupt.c"
   159 ;; Parameters:    Size  Location     Type
   160 ;;		None
   161 ;; Auto vars:     Size  Location     Type
   162 ;;		None
   163 ;; Return value:  Size  Location     Type
   164 ;;                  1    wreg      void 
   165 ;; Registers used:
   166 ;;		wreg, status,2, status,0
   167 ;; Tracked objects:
   168 ;;		On entry : 0/0
   169 ;;		On exit  : 0/0
   170 ;;		Unchanged: 0/0
   171 ;; Data sizes:     COMRAM   BANK0   BANK1
   172 ;;      Params:         0       0       0
   173 ;;      Locals:         0       0       0
   174 ;;      Temps:         14       0       0
   175 ;;      Totals:        14       0       0
   176 ;;Total ram usage:       14 bytes
   177 ;; Hardware stack levels used:    1
   178 ;; This function calls:
   179 ;;		Nothing
   180 ;; This function is called by:
   181 ;;		Interrupt level 2
   182 ;; This function uses a non-reentrant model
   183 ;;
   184                           
   185                           	psect	intcode
   186  000008                     __pintcode:
   187                           	opt stack 0
   188  000008                     _ISR:
   189                           	opt stack 30
   190                           
   191                           ;incstack = 0
   192  000008  8210               	bsf	btemp,1,c	;set compiler interrupt flag (level 2)
   193  00000A  CFFA F001          	movff	pclath,??_ISR
   194  00000E  CFFB F002          	movff	pclatu,??_ISR+1
   195  000012  CFE9 F003          	movff	fsr0l,??_ISR+2
   196  000016  CFEA F004          	movff	fsr0h,??_ISR+3
   197  00001A  CFE1 F005          	movff	fsr1l,??_ISR+4
   198  00001E  CFE2 F006          	movff	fsr1h,??_ISR+5
   199  000022  CFD9 F007          	movff	fsr2l,??_ISR+6
   200  000026  CFDA F008          	movff	fsr2h,??_ISR+7
   201  00002A  CFF3 F009          	movff	prodl,??_ISR+8
   202  00002E  CFF4 F00A          	movff	prodh,??_ISR+9
   203  000032  CFF6 F00B          	movff	tblptrl,??_ISR+10
   204  000036  CFF7 F00C          	movff	tblptrh,??_ISR+11
   205  00003A  CFF8 F00D          	movff	tblptru,??_ISR+12
   206  00003E  CFF5 F00E          	movff	tablat,??_ISR+13
   207                           
   208                           ;interrupt.c: 98: if (INTCONbits.RABIF)
   209  000042  A0F2               	btfss	intcon,0,c	;volatile
   210  000044  D00C               	goto	i2l41
   211                           
   212                           ;interrupt.c: 99: {
   213                           ;interrupt.c: 101: INTCONbits.RABIF = 0;
   214  000046  90F2               	bcf	intcon,0,c	;volatile
   215                           
   216                           ;interrupt.c: 102: _delay((unsigned long)((5)*(500000/4000.0)));
   217  000048  0ED0               	movlw	208
   218  00004A                     i2u3_47:
   219  00004A  2EE8               	decfsz	wreg,f,c
   220  00004C  D7FE               	goto	i2u3_47
   221  00004E  F000               	nop	
   222                           
   223                           ;interrupt.c: 104: if (PORTAbits.RA2 == 0 && _prev_switch == 1)
   224  000050  5080               	movf	3968,w,c	;volatile
   225                           
   226                           ;interrupt.c: 107: }
   227                           ;interrupt.c: 109: if (PORTAbits.RA2 == 0)
   228                           
   229                           ;interrupt.c: 105: {
   230  000052  B480               	btfsc	3968,2,c	;volatile
   231  000054  D002               	goto	i2l675
   232                           
   233                           ;interrupt.c: 110: {
   234                           ;interrupt.c: 111: _prev_switch = 0;
   235  000056  0E00               	movlw	0
   236  000058  D001               	goto	L1
   237  00005A                     i2l675:
   238                           
   239                           ;interrupt.c: 113: _prev_switch = 1;
   240  00005A  0E01               	movlw	1
   241  00005C                     L1:
   242  00005C  6E0F               	movwf	__prev_switch,c
   243  00005E                     i2l41:
   244  00005E  C00E  FFF5         	movff	??_ISR+13,tablat
   245  000062  C00D  FFF8         	movff	??_ISR+12,tblptru
   246  000066  C00C  FFF7         	movff	??_ISR+11,tblptrh
   247  00006A  C00B  FFF6         	movff	??_ISR+10,tblptrl
   248  00006E  C00A  FFF4         	movff	??_ISR+9,prodh
   249  000072  C009  FFF3         	movff	??_ISR+8,prodl
   250  000076  C008  FFDA         	movff	??_ISR+7,fsr2h
   251  00007A  C007  FFD9         	movff	??_ISR+6,fsr2l
   252  00007E  C006  FFE2         	movff	??_ISR+5,fsr1h
   253  000082  C005  FFE1         	movff	??_ISR+4,fsr1l
   254  000086  C004  FFEA         	movff	??_ISR+3,fsr0h
   255  00008A  C003  FFE9         	movff	??_ISR+2,fsr0l
   256  00008E  C002  FFFB         	movff	??_ISR+1,pclatu
   257  000092  C001  FFFA         	movff	??_ISR,pclath
   258  000096  9210               	bcf	btemp,1,c	;clear compiler interrupt flag (level 2)
   259  000098  0011               	retfie		f
   260  00009A                     __end_of_ISR:
   261                           	opt stack 0
   262  0000                     pclatu	equ	0xFFB
   263                           pclath	equ	0xFFA
   264                           tblptru	equ	0xFF8
   265                           tblptrh	equ	0xFF7
   266                           tblptrl	equ	0xFF6
   267                           tablat	equ	0xFF5
   268                           prodh	equ	0xFF4
   269                           prodl	equ	0xFF3
   270                           intcon	equ	0xFF2
   271                           intcon2	equ	0xFF1
   272                           fsr0h	equ	0xFEA
   273                           fsr0l	equ	0xFE9
   274                           wreg	equ	0xFE8
   275                           fsr1h	equ	0xFE2
   276                           fsr1l	equ	0xFE1
   277                           fsr2h	equ	0xFDA
   278                           fsr2l	equ	0xFD9
   279                           pclatu	equ	0xFFB
   280                           pclath	equ	0xFFA
   281                           tblptru	equ	0xFF8
   282                           tblptrh	equ	0xFF7
   283                           tblptrl	equ	0xFF6
   284                           tablat	equ	0xFF5
   285                           prodh	equ	0xFF4
   286                           prodl	equ	0xFF3
   287                           intcon	equ	0xFF2
   288                           intcon2	equ	0xFF1
   289                           fsr0h	equ	0xFEA
   290                           fsr0l	equ	0xFE9
   291                           wreg	equ	0xFE8
   292                           fsr1h	equ	0xFE2
   293                           fsr1l	equ	0xFE1
   294                           fsr2h	equ	0xFDA
   295                           fsr2l	equ	0xFD9
   296                           
   297                           	psect	rparam
   298  0000                     pclatu	equ	0xFFB
   299                           pclath	equ	0xFFA
   300                           tblptru	equ	0xFF8
   301                           tblptrh	equ	0xFF7
   302                           tblptrl	equ	0xFF6
   303                           tablat	equ	0xFF5
   304                           prodh	equ	0xFF4
   305                           prodl	equ	0xFF3
   306                           intcon	equ	0xFF2
   307                           intcon2	equ	0xFF1
   308                           fsr0h	equ	0xFEA
   309                           fsr0l	equ	0xFE9
   310                           wreg	equ	0xFE8
   311                           fsr1h	equ	0xFE2
   312                           fsr1l	equ	0xFE1
   313                           fsr2h	equ	0xFDA
   314                           fsr2l	equ	0xFD9
   315                           
   316                           	psect	temp
   317  000010                     btemp:
   318                           	opt stack 0
   319  000010                     	ds	1
   320  0000                     int$flags	set	btemp
   321                           pclatu	equ	0xFFB
   322                           pclath	equ	0xFFA
   323                           tblptru	equ	0xFF8
   324                           tblptrh	equ	0xFF7
   325                           tblptrl	equ	0xFF6
   326                           tablat	equ	0xFF5
   327                           prodh	equ	0xFF4
   328                           prodl	equ	0xFF3
   329                           intcon	equ	0xFF2
   330                           intcon2	equ	0xFF1
   331                           fsr0h	equ	0xFEA
   332                           fsr0l	equ	0xFE9
   333                           wreg	equ	0xFE8
   334                           fsr1h	equ	0xFE2
   335                           fsr1l	equ	0xFE1
   336                           fsr2h	equ	0xFDA
   337                           fsr2l	equ	0xFD9


Data Sizes:
    Strings     0
    Constant    0
    Data        0
    BSS         1
    Persistent  0
    Stack       0

Auto Spaces:
    Space          Size  Autos    Used
    COMRAM           94     14      15
    BANK0           160      0       0
    BANK1           256      0       0

Pointer List with Targets:

    None.

Critical Paths under _main in COMRAM

    None.

Critical Paths under _ISR in COMRAM

    None.

Critical Paths under _main in BANK0

    None.

Critical Paths under _ISR in BANK0

    None.

Critical Paths under _main in BANK1

    None.

Critical Paths under _ISR in BANK1

    None.

Call Graph Tables:

 ---------------------------------------------------------------------------------
 (Depth) Function   	        Calls       Base Space   Used Autos Params    Refs
 ---------------------------------------------------------------------------------
 (0) _main                                                 0     0      0       0
 ---------------------------------------------------------------------------------
 Estimated maximum stack depth 0
 ---------------------------------------------------------------------------------
 (Depth) Function   	        Calls       Base Space   Used Autos Params    Refs
 ---------------------------------------------------------------------------------
 (1) _ISR                                                 14    14      0       0
                                              0 COMRAM    14    14      0
 ---------------------------------------------------------------------------------
 Estimated maximum stack depth 1
 ---------------------------------------------------------------------------------

 Call Graph Graphs:

 _main (ROOT)

 _ISR (ROOT)

 Address spaces:
Name               Size   Autos  Total    Cost      Usage
BIGRAM             1FF      0       0       8        0.0%
EEDATA             100      0       0       0        0.0%
BITBANK1           100      0       0       5        0.0%
BANK1              100      0       0       6        0.0%
BITBANK0            A0      0       0       3        0.0%
BANK0               A0      0       0       4        0.0%
BITCOMRAM           5E      0       0       0        0.0%
COMRAM              5E      E       F       1       16.0%
BITSFR               0      0       0      40        0.0%
SFR                  0      0       0      40        0.0%
STACK                0      0       0       2        0.0%
NULL                 0      0       0       0        0.0%
ABS                  0      0       F       7        0.0%
DATA                 0      0       F       9        0.0%
CODE                 0      0       0       0        0.0%


Microchip Technology PIC18 Macro Assembler V1.37 build -260352376 
Symbol Table                                                                                   Sun Apr 17 21:44:13 2016

                     l31 00C0             __CFG_CP0$OFF 000000             __CFG_CP1$OFF 000000  
           __CFG_CPB$OFF 000000             __CFG_CPD$OFF 000000                      _ISR 0008  
                    wreg 000FE8             __CFG_LVP$OFF 000000                     ?_ISR 0001  
                   _LATC 000F8B            __CFG_DEBUG$ON 000000                     i2l41 005E  
                   _main 009E                     fsr0h 000FEA                     fsr1h 000FE2  
                   fsr0l 000FE9                     fsr2h 000FDA                     fsr1l 000FE1  
                   fsr2l 000FD9                     btemp 0010                     pclat 000FFA  
                   prodh 000FF4                     prodl 000FF3                     start 009A  
          __CFG_FOSC$IRC 000000             ___param_bank 000010                    ??_ISR 0001  
                  ?_main 0001                    i2l675 005A                    _TRISC 000F94  
                  _WPUA0 007BB8                    _WPUA2 007BBA            __CFG_WRT0$OFF 000000  
          __CFG_WRT1$OFF 000000           __CFG_EBTR0$OFF 000000           __CFG_FCMEN$OFF 000000  
         __CFG_EBTR1$OFF 000000            __CFG_WRTB$OFF 000000            __CFG_WRTC$OFF 000000  
          __CFG_WRTD$OFF 000000           __CFG_EBTRB$OFF 000000           __CFG_BOREN$OFF 000000  
                  tablat 000FF5           __CFG_MCLRE$OFF 000000          __initialization 00C2  
           __end_of_main 00C2                   ??_main 000F            __activetblptr 000000  
         __CFG_PLLEN$OFF 000000           __CFG_WDTEN$OFF 000000                   _OSCCON 000FD3  
                 i2u3_47 004A                   _nRABPU 007F8F           __CFG_STVREN$ON 000000  
                 tblptrh 000FF7                   tblptrl 000FF6                   tblptru 000FF8  
        __CFG_HFOFST$OFF 000000               __accesstop 0060  __end_of__initialization 00C4  
          ___rparam_used 000001           __pcstackCOMRAM 0001          __CFG_PWRTEN$OFF 000000  
                __Hparam 0000                  __Lparam 0000             __prev_switch 000F  
                __pcinit 00C2                _ANSELbits 000F7E                  __ramtop 0200  
                __ptext0 009E             __size_of_ISR 0092     end_of_initialization 00C4  
              _PORTAbits 000F80                _TRISAbits 000F92      start_initialization 00C2  
            __end_of_ISR 009A              __pbssCOMRAM 000F                __pintcode 0008  
               _IOCAbits 000F79                 _RCONbits 000FD0                 __Hrparam 0000  
               __Lrparam 0000            __size_of_main 0024                 int$flags 0010  
             _INTCONbits 000FF2                 intlevel2 0000  
